c:\users\quent\epitech\cpp_indie_studio\debug\vc140.pdb
c:\users\quent\epitech\cpp_indie_studio\debug\vc140.idb
c:\users\quent\epitech\cpp_indie_studio\debug\ai.obj
c:\users\quent\epitech\cpp_indie_studio\debug\controleventreceiver.obj
c:\users\quent\epitech\cpp_indie_studio\debug\gui.obj
c:\users\quent\epitech\cpp_indie_studio\debug\main.obj
c:\users\quent\epitech\cpp_indie_studio\debug\map.obj
c:\users\quent\epitech\cpp_indie_studio\debug\confirmbutton.obj
c:\users\quent\epitech\cpp_indie_studio\debug\continuebutton.obj
c:\users\quent\epitech\cpp_indie_studio\debug\exitbutton.obj
c:\users\quent\epitech\cpp_indie_studio\debug\iabutton.obj
c:\users\quent\epitech\cpp_indie_studio\debug\menu.obj
c:\users\quent\epitech\cpp_indie_studio\debug\optionbutton.obj
c:\users\quent\epitech\cpp_indie_studio\debug\playerbutton.obj
c:\users\quent\epitech\cpp_indie_studio\debug\bomb.obj
c:\users\quent\epitech\cpp_indie_studio\debug\game.obj
c:\users\quent\epitech\cpp_indie_studio\debug\keybind.obj
c:\users\quent\epitech\cpp_indie_studio\debug\player.obj
c:\users\quent\epitech\cpp_indie_studio\debug\powerbomb.obj
c:\users\quent\epitech\cpp_indie_studio\debug\powerrange.obj
c:\users\quent\epitech\cpp_indie_studio\debug\powerspeed.obj
c:\users\quent\epitech\cpp_indie_studio\debug\indiestudio.ilk
c:\users\quent\epitech\cpp_indie_studio\debug\indiestudio.exe
c:\users\quent\epitech\cpp_indie_studio\debug\indiestudio.pdb
c:\users\quent\epitech\cpp_indie_studio\debug\indiestudio.tlog\cl.command.1.tlog
c:\users\quent\epitech\cpp_indie_studio\debug\indiestudio.tlog\cl.read.1.tlog
c:\users\quent\epitech\cpp_indie_studio\debug\indiestudio.tlog\cl.write.1.tlog
c:\users\quent\epitech\cpp_indie_studio\debug\indiestudio.tlog\link.command.1.tlog
c:\users\quent\epitech\cpp_indie_studio\debug\indiestudio.tlog\link.read.1.tlog
c:\users\quent\epitech\cpp_indie_studio\debug\indiestudio.tlog\link.write.1.tlog
