11:18:11: Creating resource group General
11:18:11: Creating resource group Internal
11:18:11: Creating resource group Autodetect
11:18:11: SceneManagerFactory for type 'DefaultSceneManager' registered.
11:18:11: Registering ResourceManager for type Material
11:18:11: Registering ResourceManager for type Mesh
11:18:11: Registering ResourceManager for type Skeleton
11:18:11: MovableObjectFactory for type 'ParticleSystem' registered.
11:18:11: ArchiveFactory for archive type FileSystem registered.
11:18:11: ArchiveFactory for archive type Zip registered.
11:18:11: ArchiveFactory for archive type EmbeddedZip registered.
11:18:11: DDS codec registering
11:18:11: FreeImage version: 3.15.4
11:18:11: This program uses FreeImage, a free, open source image library supporting all common bitmap formats. See http://freeimage.sourceforge.net for details
11:18:11: Supported formats: bmp,ico,jpg,jif,jpeg,jpe,jng,koa,iff,lbm,mng,pbm,pbm,pcd,pcx,pgm,pgm,png,ppm,ppm,ras,tga,targa,tif,tiff,wap,wbmp,wbm,psd,cut,xbm,xpm,gif,hdr,g3,sgi,exr,j2k,j2c,jp2,pfm,pct,pict,pic,3fr,arw,bay,bmq,cap,cine,cr2,crw,cs1,dc2,dcr,drf,dsc,dng,erf,fff,ia,iiq,k25,kc2,kdc,mdc,mef,mos,mrw,nef,nrw,orf,pef,ptx,pxn,qtk,raf,raw,rdc,rw2,rwl,rwz,sr2,srf,srw,sti
11:18:11: Registering ResourceManager for type HighLevelGpuProgram
11:18:11: Registering ResourceManager for type Compositor
11:18:11: MovableObjectFactory for type 'Entity' registered.
11:18:11: MovableObjectFactory for type 'Light' registered.
11:18:11: MovableObjectFactory for type 'BillboardSet' registered.
11:18:11: MovableObjectFactory for type 'ManualObject' registered.
11:18:11: MovableObjectFactory for type 'BillboardChain' registered.
11:18:11: MovableObjectFactory for type 'RibbonTrail' registered.
11:18:11: Loading library /usr/local/lib/OGRE/RenderSystem_GL
11:18:11: Installing plugin: GL RenderSystem
11:18:11: OpenGL Rendering Subsystem created.
11:18:11: Plugin successfully installed
11:18:11: Loading library /usr/local/lib/OGRE/Plugin_ParticleFX
11:18:11: Installing plugin: ParticleFX
11:18:11: Particle Emitter Type 'Point' registered
11:18:11: Particle Emitter Type 'Box' registered
11:18:11: Particle Emitter Type 'Ellipsoid' registered
11:18:11: Particle Emitter Type 'Cylinder' registered
11:18:11: Particle Emitter Type 'Ring' registered
11:18:11: Particle Emitter Type 'HollowEllipsoid' registered
11:18:11: Particle Affector Type 'LinearForce' registered
11:18:11: Particle Affector Type 'ColourFader' registered
11:18:11: Particle Affector Type 'ColourFader2' registered
11:18:11: Particle Affector Type 'ColourImage' registered
11:18:11: Particle Affector Type 'ColourInterpolator' registered
11:18:11: Particle Affector Type 'Scaler' registered
11:18:11: Particle Affector Type 'Rotator' registered
11:18:11: Particle Affector Type 'DirectionRandomiser' registered
11:18:11: Particle Affector Type 'DeflectorPlane' registered
11:18:11: Plugin successfully installed
11:18:11: Loading library /usr/local/lib/OGRE/Plugin_BSPSceneManager
11:18:11: Installing plugin: BSP Scene Manager
11:18:11: Plugin successfully installed
11:18:11: Loading library /usr/local/lib/OGRE/Plugin_CgProgramManager
11:18:11: Installing plugin: Cg Program Manager
11:18:11: Plugin successfully installed
11:18:11: Loading library /usr/local/lib/OGRE/Plugin_PCZSceneManager
11:18:11: Installing plugin: Portal Connected Zone Scene Manager
11:18:11: PCZone Factory Type 'ZoneType_Default' registered
11:18:11: Plugin successfully installed
11:18:11: Loading library /usr/local/lib/OGRE/Plugin_OctreeZone
11:18:11: Installing plugin: Octree Zone Factory
11:18:11: Plugin successfully installed
11:18:11: Loading library /usr/local/lib/OGRE/Plugin_OctreeSceneManager
11:18:11: Installing plugin: Octree Scene Manager
11:18:11: Plugin successfully installed
11:18:11: *-*-* OGRE Initialising
11:18:11: *-*-* Version 1.10.0unstable (Xalafu)
11:18:11: Creating resource group general
11:18:11: Added resource location './Ressources' of type 'FileSystem' to resource group 'general'
11:18:11: CPU Identifier & Features
11:18:11: -------------------------
11:18:11:  *   CPU ID: GenuineIntel: Intel(R) Core(TM) i7-5700HQ CPU @ 2.70GHz
11:18:11:  *      SSE: yes
11:18:11:  *     SSE2: yes
11:18:11:  *     SSE3: yes
11:18:11:  *      MMX: yes
11:18:11:  *   MMXEXT: yes
11:18:11:  *    3DNOW: no
11:18:11:  * 3DNOWEXT: no
11:18:11:  *     CMOV: yes
11:18:11:  *      TSC: yes
11:18:11:  *      FPU: yes
11:18:11:  *      PRO: yes
11:18:11:  *       HT: no
11:18:11: -------------------------
11:18:11: ******************************
*** Starting GLX Subsystem ***
******************************
11:18:11: Registering ResourceManager for type Texture
11:18:11: GLRenderSystem::_createRenderWindow "Indie Game : Bomberman", 1280x768 windowed  miscParams: FSAA=0 FSAAHint= border=fixed colourDepth=28 gamma=false monitorIndex=0 useNVPerfHUD= vsync= vsyncInterval= 
11:18:11: GLXWindow::create used FBConfigID = 163
11:18:11: GL_VERSION = 2.1 Mesa 10.3.7
11:18:11: GL_VENDOR = VMware, Inc.
11:18:11: GL_RENDERER = Gallium 0.4 on SVGA3D; build: RELEASE;  
11:18:11: GL_EXTENSIONS = GL_ARB_multisample GL_EXT_abgr GL_EXT_bgra GL_EXT_blend_color GL_EXT_blend_minmax GL_EXT_blend_subtract GL_EXT_copy_texture GL_EXT_polygon_offset GL_EXT_subtexture GL_EXT_texture_object GL_EXT_vertex_array GL_EXT_compiled_vertex_array GL_EXT_texture GL_EXT_texture3D GL_IBM_rasterpos_clip GL_ARB_point_parameters GL_EXT_draw_range_elements GL_EXT_packed_pixels GL_EXT_point_parameters GL_EXT_rescale_normal GL_EXT_separate_specular_color GL_EXT_texture_edge_clamp GL_SGIS_generate_mipmap GL_SGIS_texture_border_clamp GL_SGIS_texture_edge_clamp GL_SGIS_texture_lod GL_ARB_framebuffer_sRGB GL_ARB_multitexture GL_EXT_framebuffer_sRGB GL_IBM_multimode_draw_arrays GL_IBM_texture_mirrored_repeat GL_ARB_texture_cube_map GL_ARB_texture_env_add GL_ARB_transpose_matrix GL_EXT_blend_func_separate GL_EXT_fog_coord GL_EXT_multi_draw_arrays GL_EXT_secondary_color GL_EXT_texture_env_add GL_EXT_texture_filter_anisotropic GL_EXT_texture_lod_bias GL_INGR_blend_func_separate GL_NV_blend_square GL_NV_light_max_exponent GL_NV_texgen_reflection GL_NV_texture_env_combine4 GL_SUN_multi_draw_arrays GL_ARB_texture_border_clamp GL_ARB_texture_compression GL_EXT_framebuffer_object GL_EXT_texture_env_combine GL_EXT_texture_env_dot3 GL_MESA_window_pos GL_NV_packed_depth_stencil GL_NV_texture_rectangle GL_ARB_depth_texture GL_ARB_occlusion_query GL_ARB_shadow GL_ARB_texture_env_combine GL_ARB_texture_env_crossbar GL_ARB_texture_env_dot3 GL_ARB_texture_mirrored_repeat GL_ARB_window_pos GL_EXT_stencil_two_side GL_EXT_texture_cube_map GL_NV_fog_distance GL_APPLE_packed_pixels GL_APPLE_vertex_array_object GL_ARB_draw_buffers GL_ARB_fragment_program GL_ARB_fragment_shader GL_ARB_shader_objects GL_ARB_vertex_program GL_ARB_vertex_shader GL_ATI_draw_buffers GL_ATI_texture_env_combine3 GL_ATI_texture_float GL_EXT_shadow_funcs GL_EXT_stencil_wrap GL_MESA_pack_invert GL_NV_primitive_restart GL_ARB_fragment_program_shadow GL_ARB_half_float_pixel GL_ARB_occlusion_query2 GL_ARB_point_sprite GL_ARB_shading_language_100 GL_ARB_sync GL_ARB_texture_non_power_of_two GL_ARB_vertex_buffer_object GL_ATI_blend_equation_separate GL_EXT_blend_equation_separate GL_OES_read_format GL_ARB_color_buffer_float GL_ARB_pixel_buffer_object GL_ARB_texture_float GL_ARB_texture_rectangle GL_EXT_pixel_buffer_object GL_EXT_texture_rectangle GL_EXT_texture_sRGB GL_ARB_framebuffer_object GL_EXT_framebuffer_blit GL_EXT_packed_depth_stencil GL_ARB_vertex_array_object GL_ATI_separate_stencil GL_EXT_gpu_program_parameters GL_EXT_texture_sRGB_decode GL_OES_EGL_image GL_ARB_copy_buffer GL_ARB_half_float_vertex GL_ARB_map_buffer_range GL_ARB_texture_swizzle GL_ARB_vertex_array_bgra GL_EXT_texture_swizzle GL_EXT_vertex_array_bgra GL_ARB_ES2_compatibility GL_ARB_debug_output GL_ARB_draw_elements_base_vertex GL_ARB_explicit_attrib_location GL_ARB_fragment_coord_conventions GL_ARB_provoking_vertex GL_ARB_sampler_objects GL_ARB_shader_texture_lod GL_EXT_provoking_vertex GL_ARB_get_program_binary GL_ARB_robustness GL_ARB_separate_shader_objects GL_ARB_compressed_texture_pixel_storage GL_ARB_internalformat_query GL_ARB_map_buffer_alignment GL_ARB_texture_storage GL_AMD_shader_trinary_minmax GL_ARB_clear_buffer_object GL_ARB_explicit_uniform_location GL_ARB_invalidate_subdata GL_ARB_vertex_attrib_binding GL_KHR_debug GL_ARB_multi_bind 
11:18:11: Supported GLX extensions: GLX_ARB_create_context GLX_ARB_create_context_profile GLX_ARB_fbconfig_float GLX_ARB_framebuffer_sRGB GLX_ARB_get_proc_address GLX_ARB_multisample GLX_EXT_import_context GLX_EXT_visual_info GLX_EXT_visual_rating GLX_EXT_framebuffer_sRGB GLX_EXT_create_context_es2_profile GLX_MESA_copy_sub_buffer GLX_MESA_multithread_makecurrent GLX_MESA_query_renderer GLX_MESA_swap_control GLX_OML_swap_method GLX_SGI_make_current_read GLX_SGI_video_sync GLX_SGIS_multisample GLX_SGIX_fbconfig GLX_SGIX_pbuffer GLX_SGIX_visual_select_group GLX_EXT_texture_from_pixmap 
11:18:11: ***************************
11:18:11: *** GL Renderer Started ***
11:18:11: ***************************
11:18:11: Registering ResourceManager for type GpuProgram
11:18:11: GLSL support detected
11:18:11: GL: Using GL_EXT_framebuffer_object for rendering to textures (best)
11:18:11: FBO PF_UNKNOWN depth/stencil support: D0S1 D0S4 D0S8 D0S16 D16S0 D24S0 D32S0 Packed-D24S8 
11:18:11: FBO PF_A4L4 depth/stencil support: D0S0 D0S1 D0S4 D0S8 D0S16 D16S0 D24S0 D32S0 Packed-D24S8 
11:18:11: FBO PF_BYTE_LA depth/stencil support: D0S0 D0S1 D0S4 D0S8 D0S16 D16S0 D24S0 D32S0 Packed-D24S8 
11:18:11: FBO PF_R5G6B5 depth/stencil support: D0S0 D0S1 D0S4 D0S8 D0S16 D16S0 D24S0 D32S0 Packed-D24S8 
11:18:11: FBO PF_B5G6R5 depth/stencil support: D0S0 D0S1 D0S4 D0S8 D0S16 D16S0 D24S0 D32S0 Packed-D24S8 
11:18:11: FBO PF_A4R4G4B4 depth/stencil support: D0S0 D0S1 D0S4 D0S8 D0S16 D16S0 D24S0 D32S0 Packed-D24S8 
11:18:11: FBO PF_A1R5G5B5 depth/stencil support: D0S0 D0S1 D0S4 D0S8 D0S16 D16S0 D24S0 D32S0 Packed-D24S8 
11:18:11: FBO PF_R8G8B8 depth/stencil support: D0S0 D0S1 D0S4 D0S8 D0S16 D16S0 D24S0 D32S0 Packed-D24S8 
11:18:11: FBO PF_B8G8R8 depth/stencil support: D0S0 D0S1 D0S4 D0S8 D0S16 D16S0 D24S0 D32S0 Packed-D24S8 
11:18:11: FBO PF_A8R8G8B8 depth/stencil support: D0S0 D0S1 D0S4 D0S8 D0S16 D16S0 D24S0 D32S0 Packed-D24S8 
11:18:11: FBO PF_B8G8R8A8 depth/stencil support: D0S0 D0S1 D0S4 D0S8 D0S16 D16S0 D24S0 D32S0 Packed-D24S8 
11:18:11: FBO PF_A2R10G10B10 depth/stencil support: D0S0 D0S1 D0S4 D0S8 D0S16 D16S0 D24S0 D32S0 Packed-D24S8 
11:18:12: FBO PF_A2B10G10R10 depth/stencil support: D0S0 D0S1 D0S4 D0S8 D0S16 D16S0 D24S0 D32S0 Packed-D24S8 
11:18:12: FBO PF_FLOAT16_RGB depth/stencil support: D0S0 D0S1 D0S4 D0S8 D0S16 D16S0 D24S0 D32S0 Packed-D24S8 
11:18:12: FBO PF_FLOAT16_RGBA depth/stencil support: D0S0 D0S1 D0S4 D0S8 D0S16 D16S0 D24S0 D32S0 Packed-D24S8 
11:18:12: FBO PF_FLOAT32_RGB depth/stencil support: D0S0 D0S1 D0S4 D0S8 D0S16 D16S0 D24S0 D32S0 Packed-D24S8 
11:18:12: FBO PF_FLOAT32_RGBA depth/stencil support: D0S0 D0S1 D0S4 D0S8 D0S16 D16S0 D24S0 D32S0 Packed-D24S8 
11:18:12: FBO PF_X8R8G8B8 depth/stencil support: D0S0 D0S1 D0S4 D0S8 D0S16 D16S0 D24S0 D32S0 Packed-D24S8 
11:18:12: FBO PF_X8B8G8R8 depth/stencil support: D0S0 D0S1 D0S4 D0S8 D0S16 D16S0 D24S0 D32S0 Packed-D24S8 
11:18:12: FBO PF_SHORT_RGBA depth/stencil support: D0S0 D0S1 D0S4 D0S8 D0S16 D16S0 D24S0 D32S0 Packed-D24S8 
11:18:12: FBO PF_R3G3B2 depth/stencil support: D0S0 D0S1 D0S4 D0S8 D0S16 D16S0 D24S0 D32S0 Packed-D24S8 
11:18:12: FBO PF_FLOAT16_R depth/stencil support: D0S0 D0S1 D0S4 D0S8 D0S16 D16S0 D24S0 D32S0 Packed-D24S8 
11:18:12: FBO PF_FLOAT32_R depth/stencil support: D0S0 D0S1 D0S4 D0S8 D0S16 D16S0 D24S0 D32S0 Packed-D24S8 
11:18:12: FBO PF_SHORT_GR depth/stencil support: D0S0 D0S1 D0S4 D0S8 D0S16 D16S0 D24S0 D32S0 Packed-D24S8 
11:18:12: FBO PF_FLOAT16_GR depth/stencil support: D0S0 D0S1 D0S4 D0S8 D0S16 D16S0 D24S0 D32S0 Packed-D24S8 
11:18:12: FBO PF_FLOAT32_GR depth/stencil support: D0S0 D0S1 D0S4 D0S8 D0S16 D16S0 D24S0 D32S0 Packed-D24S8 
11:18:12: FBO PF_SHORT_RGB depth/stencil support: D0S0 D0S1 D0S4 D0S8 D0S16 D16S0 D24S0 D32S0 Packed-D24S8 
11:18:12: [GL] : Valid FBO targets PF_UNKNOWN PF_A4L4 PF_BYTE_LA PF_R5G6B5 PF_B5G6R5 PF_A4R4G4B4 PF_A1R5G5B5 PF_R8G8B8 PF_B8G8R8 PF_A8R8G8B8 PF_B8G8R8A8 PF_A2R10G10B10 PF_A2B10G10R10 PF_FLOAT16_RGB PF_FLOAT16_RGBA PF_FLOAT32_RGB PF_FLOAT32_RGBA PF_X8R8G8B8 PF_X8B8G8R8 PF_SHORT_RGBA PF_R3G3B2 PF_FLOAT16_R PF_FLOAT32_R PF_SHORT_GR PF_FLOAT16_GR PF_FLOAT32_GR PF_SHORT_RGB 
11:18:12: RenderSystem capabilities
11:18:12: -------------------------
11:18:12: RenderSystem Name: OpenGL Rendering Subsystem
11:18:12: GPU Vendor: unknown
11:18:12: Device Name: Gallium 0.4 on SVGA3D; build: RELEASE;  
11:18:12: Driver Version: 2.1.0.0
11:18:12:  * Fixed function pipeline: yes
11:18:12:  * Hardware generation of mipmaps: yes
11:18:12:  * Texture blending: yes
11:18:12:  * Anisotropic texture filtering: yes
11:18:12:  * Dot product texture operation: yes
11:18:12:  * Cube mapping: yes
11:18:12:  * Hardware stencil buffer: yes
11:18:12:    - Stencil depth: 8
11:18:12:    - Two sided stencil support: yes
11:18:12:    - Wrap stencil values: yes
11:18:12:  * Hardware vertex / index buffers: yes
11:18:12:  * 32-bit index buffers: yes
11:18:12:  * Vertex programs: yes
11:18:12:  * Number of floating-point constants for vertex programs: 256
11:18:12:  * Number of integer constants for vertex programs: 0
11:18:12:  * Number of boolean constants for vertex programs: 0
11:18:12:  * Fragment programs: yes
11:18:12:  * Number of floating-point constants for fragment programs: 224
11:18:12:  * Number of integer constants for fragment programs: 0
11:18:12:  * Number of boolean constants for fragment programs: 0
11:18:12:  * Geometry programs: no
11:18:12:  * Number of floating-point constants for geometry programs: 24940
11:18:12:  * Number of integer constants for geometry programs: 26478
11:18:12:  * Number of boolean constants for geometry programs: 24949
11:18:12:  * Tessellation Hull programs: no
11:18:12:  * Number of floating-point constants for tessellation hull programs: 24393
11:18:12:  * Number of integer constants for tessellation hull programs: 27746
11:18:12:  * Number of boolean constants for tessellation hull programs: 28261
11:18:12:  * Tessellation Domain programs: no
11:18:12:  * Number of floating-point constants for tessellation domain programs: 24420
11:18:12:  * Number of integer constants for tessellation domain programs: 29029
11:18:12:  * Number of boolean constants for tessellation domain programs: 24949
11:18:12:  * Compute programs: no
11:18:12:  * Number of floating-point constants for compute programs: 26996
11:18:12:  * Number of integer constants for compute programs: 28271
11:18:12:  * Number of boolean constants for compute programs: 29535
11:18:12:  * Supported Shader Profiles: arbfp1 arbvp1 glsl glsl100 glsl110 glsl120
11:18:12:  * Texture Compression: yes
11:18:12:    - DXT: no
11:18:12:    - VTC: no
11:18:12:    - PVRTC: no
11:18:12:    - ATC: no
11:18:12:    - ETC1: no
11:18:12:    - ETC2: no
11:18:12:    - BC4/BC5: no
11:18:12:    - BC6H/BC7: no
11:18:12:  * Scissor Rectangle: yes
11:18:12:  * Hardware Occlusion Query: yes
11:18:12:  * User clip planes: yes
11:18:12:  * VET_UBYTE4 vertex element type: yes
11:18:12:  * Infinite far plane projection: yes
11:18:12:  * Hardware render-to-texture: yes
11:18:12:  * Floating point textures: yes
11:18:12:  * Non-power-of-two textures: yes
11:18:12:  * 1d textures: yes
11:18:12:  * Volume textures: yes
11:18:12:  * Multiple Render Targets: 4
11:18:12:    - With different bit depths: yes
11:18:12:  * Point Sprites: yes
11:18:12:  * Extended point parameters: yes
11:18:12:  * Max Point Size: 1
11:18:12:  * Vertex texture fetch: no
11:18:12:  * Number of world matrices: 0
11:18:12:  * Number of texture units: 16
11:18:12:  * Stencil buffer depth: 8
11:18:12:  * Number of vertex blend matrices: 0
11:18:12:  * Render to Vertex Buffer : no
11:18:12:  * Hardware Atomic Counters: no
11:18:12:  * GL 1.5 without VBO workaround: no
11:18:12:  * Frame Buffer objects: yes
11:18:12:  * Frame Buffer objects (ARB extension): no
11:18:12:  * Frame Buffer objects (ATI extension): no
11:18:12:  * PBuffer support: yes
11:18:12:  * GL 1.5 without HW-occlusion workaround: no
11:18:12:  * Vertex Array Objects: no
11:18:12:  * Separate shader objects: no
11:18:12: DefaultWorkQueue('Root') initialising on thread 7fe4b655c800.
11:18:12: DefaultWorkQueue('Root')::WorkerFunc - thread 7fe4a4203700 starting.
11:18:12: DefaultWorkQueue('Root')::WorkerFunc - thread 7fe4a4a04700 starting.
11:18:12: DefaultWorkQueue('Root')::WorkerFunc - thread 7fe4a3a02700 starting.
11:18:12: Particle Renderer Type 'billboard' registered
11:18:12: SceneManagerFactory for type 'BspSceneManager' registered.
11:18:12: Registering ResourceManager for type BspLevel
11:18:12: DefaultWorkQueue('Root')::WorkerFunc - thread 7fe49ba02700 starting.
11:18:12: SceneManagerFactory for type 'PCZSceneManager' registered.
11:18:12: MovableObjectFactory for type 'PCZLight' registered.
11:18:12: MovableObjectFactory for type 'Portal' registered.
11:18:12: MovableObjectFactory for type 'AntiPortal' registered.
11:18:12: PCZone Factory Type 'ZoneType_Octree' registered
11:18:12: SceneManagerFactory for type 'OctreeSceneManager' registered.
