d:\quent\documents\epitech\cpp_indie_studio\release\vc140.pdb
d:\quent\documents\epitech\cpp_indie_studio\release\powerspeed.obj
d:\quent\documents\epitech\cpp_indie_studio\release\powerrange.obj
d:\quent\documents\epitech\cpp_indie_studio\release\powerbomb.obj
d:\quent\documents\epitech\cpp_indie_studio\release\player.obj
d:\quent\documents\epitech\cpp_indie_studio\release\keybind.obj
d:\quent\documents\epitech\cpp_indie_studio\release\game.obj
d:\quent\documents\epitech\cpp_indie_studio\release\bomb.obj
d:\quent\documents\epitech\cpp_indie_studio\release\playerbutton.obj
d:\quent\documents\epitech\cpp_indie_studio\release\optionbutton.obj
d:\quent\documents\epitech\cpp_indie_studio\release\menu.obj
d:\quent\documents\epitech\cpp_indie_studio\release\iabutton.obj
d:\quent\documents\epitech\cpp_indie_studio\release\exitbutton.obj
d:\quent\documents\epitech\cpp_indie_studio\release\continuebutton.obj
d:\quent\documents\epitech\cpp_indie_studio\release\confirmbutton.obj
d:\quent\documents\epitech\cpp_indie_studio\release\map.obj
d:\quent\documents\epitech\cpp_indie_studio\release\main.obj
d:\quent\documents\epitech\cpp_indie_studio\release\gui.obj
d:\quent\documents\epitech\cpp_indie_studio\release\controleventreceiver.obj
d:\quent\documents\epitech\cpp_indie_studio\release\ai.obj
d:\quent\documents\epitech\cpp_indie_studio\release\indiestudio.exe
d:\quent\documents\epitech\cpp_indie_studio\release\indiestudio.ipdb
d:\quent\documents\epitech\cpp_indie_studio\release\indiestudio.iobj
d:\quent\documents\epitech\cpp_indie_studio\release\indiestudio.pdb
d:\quent\documents\epitech\cpp_indie_studio\release\indiestudio.tlog\cl.command.1.tlog
d:\quent\documents\epitech\cpp_indie_studio\release\indiestudio.tlog\cl.read.1.tlog
d:\quent\documents\epitech\cpp_indie_studio\release\indiestudio.tlog\cl.write.1.tlog
d:\quent\documents\epitech\cpp_indie_studio\release\indiestudio.tlog\link.command.1.tlog
d:\quent\documents\epitech\cpp_indie_studio\release\indiestudio.tlog\link.read.1.tlog
d:\quent\documents\epitech\cpp_indie_studio\release\indiestudio.tlog\link.write.1.tlog
